This is XeTeX, Version 3.141592653-2.6-0.999997 (TeX Live 2025) (preloaded format=xelatex 2025.6.15)  2 AUG 2025 18:12
entering extended mode
 restricted \write18 enabled.
 %&-line parsing enabled.
**novel.tex
(./novel.tex
LaTeX2e <2024-11-01> patch level 2
L3 programming layer <2025-01-18>
(e:/LaTex/texlive/2025/texmf-dist/tex/latex/ctex/ctexart.cls
(e:/LaTex/texlive/2025/texmf-dist/tex/latex/ctex/config/ctexbackend.cfg
File: ctexbackend.cfg 2022/07/14 v2.5.10 Backend configuration file (CTEX)
)
(e:/LaTex/texlive/2025/texmf-dist/tex/latex/l3kernel/expl3.sty
Package: expl3 2025-01-18 L3 programming layer (loader) 

(e:/LaTex/texlive/2025/texmf-dist/tex/latex/l3backend/l3backend-xetex.def
File: l3backend-xetex.def 2024-05-08 L3 backend support: XeTeX
\g__graphics_track_int=\count192
\l__pdf_internal_box=\box52
\g__pdf_backend_annotation_int=\count193
\g__pdf_backend_link_int=\count194
))
Document Class: ctexart 2022/07/14 v2.5.10 Chinese adapter for class article (C
TEX)
(e:/LaTex/texlive/2025/texmf-dist/tex/latex/ctex/ctexhook.sty
Package: ctexhook 2022/07/14 v2.5.10 Document and package hooks (CTEX)
)
(e:/LaTex/texlive/2025/texmf-dist/tex/latex/ctex/ctexpatch.sty
Package: ctexpatch 2022/07/14 v2.5.10 Patching commands (CTEX)
)
(e:/LaTex/texlive/2025/texmf-dist/tex/latex/base/fix-cm.sty
Package: fix-cm 2020/11/24 v1.1t fixes to LaTeX

(e:/LaTex/texlive/2025/texmf-dist/tex/latex/base/ts1enc.def
File: ts1enc.def 2001/06/05 v3.0e (jk/car/fm) Standard LaTeX file
LaTeX Font Info:    Redeclaring font encoding TS1 on input line 47.
))
\l__ctex_tmp_int=\count195
\l__ctex_tmp_box=\box53
\l__ctex_tmp_dim=\dimen141
\g__ctex_section_depth_int=\count196
\g__ctex_font_size_int=\count197

(e:/LaTex/texlive/2025/texmf-dist/tex/latex/ctex/config/ctexopts.cfg
File: ctexopts.cfg 2022/07/14 v2.5.10 Option configuration file (CTEX)
)
(e:/LaTex/texlive/2025/texmf-dist/tex/latex/base/article.cls
Document Class: article 2024/06/29 v1.4n Standard LaTeX document class
(e:/LaTex/texlive/2025/texmf-dist/tex/latex/base/size10.clo
File: size10.clo 2024/06/29 v1.4n Standard LaTeX file (size option)
)
\c@part=\count198
\c@section=\count199
\c@subsection=\count266
\c@subsubsection=\count267
\c@paragraph=\count268
\c@subparagraph=\count269
\c@figure=\count270
\c@table=\count271
\abovecaptionskip=\skip49
\belowcaptionskip=\skip50
\bibindent=\dimen142
)
(e:/LaTex/texlive/2025/texmf-dist/tex/latex/ctex/engine/ctex-engine-xetex.def
File: ctex-engine-xetex.def 2022/07/14 v2.5.10 XeLaTeX adapter (CTEX)

(e:/LaTex/texlive/2025/texmf-dist/tex/xelatex/xecjk/xeCJK.sty
Package: xeCJK 2022/08/05 v3.9.1 Typesetting CJK scripts with XeLaTeX

(e:/LaTex/texlive/2025/texmf-dist/tex/latex/l3packages/xtemplate/xtemplate.sty
Package: xtemplate 2024-08-16 L3 Experimental prototype document functions
)
\l__xeCJK_tmp_int=\count272
\l__xeCJK_tmp_box=\box54
\l__xeCJK_tmp_dim=\dimen143
\l__xeCJK_tmp_skip=\skip51
\g__xeCJK_space_factor_int=\count273
\l__xeCJK_begin_int=\count274
\l__xeCJK_end_int=\count275
\c__xeCJK_CJK_class_int=\XeTeXcharclass1
\c__xeCJK_FullLeft_class_int=\XeTeXcharclass2
\c__xeCJK_FullRight_class_int=\XeTeXcharclass3
\c__xeCJK_HalfLeft_class_int=\XeTeXcharclass4
\c__xeCJK_HalfRight_class_int=\XeTeXcharclass5
\c__xeCJK_NormalSpace_class_int=\XeTeXcharclass6
\c__xeCJK_CM_class_int=\XeTeXcharclass7
\c__xeCJK_HangulJamo_class_int=\XeTeXcharclass8
\l__xeCJK_last_skip=\skip52
\c__xeCJK_none_node=\count276
\g__xeCJK_node_int=\count277
\c__xeCJK_CJK_node_dim=\dimen144
\c__xeCJK_CJK-space_node_dim=\dimen145
\c__xeCJK_default_node_dim=\dimen146
\c__xeCJK_CJK-widow_node_dim=\dimen147
\c__xeCJK_normalspace_node_dim=\dimen148
\c__xeCJK_default-space_node_skip=\skip53
\l__xeCJK_ccglue_skip=\skip54
\l__xeCJK_ecglue_skip=\skip55
\l__xeCJK_punct_kern_skip=\skip56
\l__xeCJK_indent_box=\box55
\l__xeCJK_last_penalty_int=\count278
\l__xeCJK_last_bound_dim=\dimen149
\l__xeCJK_last_kern_dim=\dimen150
\l__xeCJK_widow_penalty_int=\count279

LaTeX template Info: Declaring template type 'xeCJK/punctuation' taking 0
(template)           argument(s) on line 2396.

\l__xeCJK_fixed_punct_width_dim=\dimen151
\l__xeCJK_mixed_punct_width_dim=\dimen152
\l__xeCJK_middle_punct_width_dim=\dimen153
\l__xeCJK_fixed_margin_width_dim=\dimen154
\l__xeCJK_mixed_margin_width_dim=\dimen155
\l__xeCJK_middle_margin_width_dim=\dimen156
\l__xeCJK_bound_punct_width_dim=\dimen157
\l__xeCJK_bound_margin_width_dim=\dimen158
\l__xeCJK_margin_minimum_dim=\dimen159
\l__xeCJK_kerning_total_width_dim=\dimen160
\l__xeCJK_same_align_margin_dim=\dimen161
\l__xeCJK_different_align_margin_dim=\dimen162
\l__xeCJK_kerning_margin_width_dim=\dimen163
\l__xeCJK_kerning_margin_minimum_dim=\dimen164
\l__xeCJK_bound_dim=\dimen165
\l__xeCJK_reverse_bound_dim=\dimen166
\l__xeCJK_margin_dim=\dimen167
\l__xeCJK_minimum_bound_dim=\dimen168
\l__xeCJK_kerning_margin_dim=\dimen169
\g__xeCJK_family_int=\count280
\l__xeCJK_fam_int=\count281
\g__xeCJK_fam_allocation_int=\count282
\l__xeCJK_verb_case_int=\count283
\l__xeCJK_verb_exspace_skip=\skip57
(e:/LaTex/texlive/2025/texmf-dist/tex/latex/fontspec/fontspec.sty
(e:/LaTex/texlive/2025/texmf-dist/tex/latex/l3packages/xparse/xparse.sty
Package: xparse 2024-08-16 L3 Experimental document command parser
)
Package: fontspec 2024/05/11 v2.9e Font selection for XeLaTeX and LuaLaTeX

(e:/LaTex/texlive/2025/texmf-dist/tex/latex/fontspec/fontspec-xetex.sty
Package: fontspec-xetex 2024/05/11 v2.9e Font selection for XeLaTeX and LuaLaTe
X
\l__fontspec_script_int=\count284
\l__fontspec_language_int=\count285
\l__fontspec_strnum_int=\count286
\l__fontspec_tmp_int=\count287
\l__fontspec_tmpa_int=\count288
\l__fontspec_tmpb_int=\count289
\l__fontspec_tmpc_int=\count290
\l__fontspec_em_int=\count291
\l__fontspec_emdef_int=\count292
\l__fontspec_strong_int=\count293
\l__fontspec_strongdef_int=\count294
\l__fontspec_tmpa_dim=\dimen170
\l__fontspec_tmpb_dim=\dimen171
\l__fontspec_tmpc_dim=\dimen172

(e:/LaTex/texlive/2025/texmf-dist/tex/latex/base/fontenc.sty
Package: fontenc 2021/04/29 v2.0v Standard LaTeX package
)
(e:/LaTex/texlive/2025/texmf-dist/tex/latex/fontspec/fontspec.cfg)))
(e:/LaTex/texlive/2025/texmf-dist/tex/xelatex/xecjk/xeCJK.cfg
File: xeCJK.cfg 2022/08/05 v3.9.1 Configuration file for xeCJK package
))
\ccwd=\dimen173
\l__ctex_ccglue_skip=\skip58
)
\l__ctex_ziju_dim=\dimen174

(e:/LaTex/texlive/2025/texmf-dist/tex/latex/zhnumber/zhnumber.sty
Package: zhnumber 2022/07/14 v3.0 Typesetting numbers with Chinese glyphs
\l__zhnum_scale_int=\count295
\l__zhnum_tmp_int=\count296

(e:/LaTex/texlive/2025/texmf-dist/tex/latex/zhnumber/zhnumber-utf8.cfg
File: zhnumber-utf8.cfg 2022/07/14 v3.0 Chinese numerals with UTF8 encoding
))
\l__ctex_heading_skip=\skip59

(e:/LaTex/texlive/2025/texmf-dist/tex/latex/ctex/scheme/ctex-scheme-chinese-art
icle.def
File: ctex-scheme-chinese-article.def 2022/07/14 v2.5.10 Chinese scheme for art
icle (CTEX)

(e:/LaTex/texlive/2025/texmf-dist/tex/latex/ctex/config/ctex-name-utf8.cfg
File: ctex-name-utf8.cfg 2022/07/14 v2.5.10 Caption with encoding UTF-8 (CTEX)
))
(e:/LaTex/texlive/2025/texmf-dist/tex/latex/ctex/ctex-c5size.clo
File: ctex-c5size.clo 2022/07/14 v2.5.10 c5size option (CTEX)
)
(e:/LaTex/texlive/2025/texmf-dist/tex/latex/ctex/fontset/ctex-fontset-windows.d
ef
File: ctex-fontset-windows.def 2022/07/14 v2.5.10 Windows fonts definition (CTE
X)

Package fontspec Info: 
(fontspec)             Could not resolve font "KaiTi/B" (it probably doesn't
(fontspec)             exist).


Package fontspec Info: 
(fontspec)             Could not resolve font "SimHei/I" (it probably doesn't
(fontspec)             exist).


Package fontspec Info: 
(fontspec)             Could not resolve font "SimSun/BI" (it probably doesn't
(fontspec)             exist).


Package fontspec Info: 
(fontspec)             Font family 'SimSun(0)' created for font 'SimSun' with
(fontspec)             options
(fontspec)             [Script={CJK},BoldFont={SimHei},ItalicFont={KaiTi}].
(fontspec)              
(fontspec)              This font family consists of the following NFSS
(fontspec)             series/shapes:
(fontspec)              
(fontspec)             - 'normal' (m/n) with NFSS spec.:
(fontspec)             <->"SimSun/OT:script=hani;language=dflt;"
(fontspec)             - 'bold' (b/n) with NFSS spec.:
(fontspec)             <->"SimHei/OT:script=hani;language=dflt;"
(fontspec)             - 'italic' (m/it) with NFSS spec.:
(fontspec)             <->"KaiTi/OT:script=hani;language=dflt;"

)) (e:/LaTex/texlive/2025/texmf-dist/tex/latex/ctex/config/ctex.cfg
File: ctex.cfg 2022/07/14 v2.5.10 Configuration file (CTEX)
)
(e:/LaTex/texlive/2025/texmf-dist/tex/latex/geometry/geometry.sty
Package: geometry 2020/01/02 v5.9 Page Geometry

(e:/LaTex/texlive/2025/texmf-dist/tex/latex/graphics/keyval.sty
Package: keyval 2022/05/29 v1.15 key=value parser (DPC)
\KV@toks@=\toks17
)
(e:/LaTex/texlive/2025/texmf-dist/tex/generic/iftex/ifvtex.sty
Package: ifvtex 2019/10/25 v1.7 ifvtex legacy package. Use iftex instead.

(e:/LaTex/texlive/2025/texmf-dist/tex/generic/iftex/iftex.sty
Package: iftex 2024/12/12 v1.0g TeX engine tests
))
\Gm@cnth=\count297
\Gm@cntv=\count298
\c@Gm@tempcnt=\count299
\Gm@bindingoffset=\dimen175
\Gm@wd@mp=\dimen176
\Gm@odd@mp=\dimen177
\Gm@even@mp=\dimen178
\Gm@layoutwidth=\dimen179
\Gm@layoutheight=\dimen180
\Gm@layouthoffset=\dimen181
\Gm@layoutvoffset=\dimen182
\Gm@dimlist=\toks18
)
(e:/LaTex/texlive/2025/texmf-dist/tex/latex/parskip/parskip.sty
Package: parskip 2021-03-14 v2.0h non-zero parskip adjustments

(e:/LaTex/texlive/2025/texmf-dist/tex/latex/kvoptions/kvoptions.sty
Package: kvoptions 2022-06-15 v3.15 Key value format for package options (HO)

(e:/LaTex/texlive/2025/texmf-dist/tex/generic/ltxcmds/ltxcmds.sty
Package: ltxcmds 2023-12-04 v1.26 LaTeX kernel commands for general use (HO)
)
(e:/LaTex/texlive/2025/texmf-dist/tex/latex/kvsetkeys/kvsetkeys.sty
Package: kvsetkeys 2022-10-05 v1.19 Key value parser (HO)
))
(e:/LaTex/texlive/2025/texmf-dist/tex/latex/etoolbox/etoolbox.sty
Package: etoolbox 2025/02/11 v2.5l e-TeX tools for LaTeX (JAW)
\etb@tempcnta=\count300
)
Couldn't patch \@startsection
Couldn't patch \@xsect
)

LaTeX Warning: Unused global option(s):
    [xelatex].

(./novel.aux)
\openout1 = `novel.aux'.

LaTeX Font Info:    Checking defaults for OML/cmm/m/it on input line 12.
LaTeX Font Info:    ... okay on input line 12.
LaTeX Font Info:    Checking defaults for OMS/cmsy/m/n on input line 12.
LaTeX Font Info:    ... okay on input line 12.
LaTeX Font Info:    Checking defaults for OT1/cmr/m/n on input line 12.
LaTeX Font Info:    ... okay on input line 12.
LaTeX Font Info:    Checking defaults for T1/cmr/m/n on input line 12.
LaTeX Font Info:    ... okay on input line 12.
LaTeX Font Info:    Checking defaults for TS1/cmr/m/n on input line 12.
LaTeX Font Info:    ... okay on input line 12.
LaTeX Font Info:    Checking defaults for TU/lmr/m/n on input line 12.
LaTeX Font Info:    ... okay on input line 12.
LaTeX Font Info:    Checking defaults for OMX/cmex/m/n on input line 12.
LaTeX Font Info:    ... okay on input line 12.
LaTeX Font Info:    Checking defaults for U/cmr/m/n on input line 12.
LaTeX Font Info:    ... okay on input line 12.

Package fontspec Info: 
(fontspec)             Adjusting the maths setup (use [no-math] to avoid
(fontspec)             this).

\symlegacymaths=\mathgroup4
LaTeX Font Info:    Overwriting symbol font `legacymaths' in version `bold'
(Font)                  OT1/cmr/m/n --> OT1/cmr/bx/n on input line 12.
LaTeX Font Info:    Redeclaring math accent \acute on input line 12.
LaTeX Font Info:    Redeclaring math accent \grave on input line 12.
LaTeX Font Info:    Redeclaring math accent \ddot on input line 12.
LaTeX Font Info:    Redeclaring math accent \tilde on input line 12.
LaTeX Font Info:    Redeclaring math accent \bar on input line 12.
LaTeX Font Info:    Redeclaring math accent \breve on input line 12.
LaTeX Font Info:    Redeclaring math accent \check on input line 12.
LaTeX Font Info:    Redeclaring math accent \hat on input line 12.
LaTeX Font Info:    Redeclaring math accent \dot on input line 12.
LaTeX Font Info:    Redeclaring math accent \mathring on input line 12.
LaTeX Font Info:    Redeclaring math symbol \colon on input line 12.
LaTeX Font Info:    Redeclaring math symbol \Gamma on input line 12.
LaTeX Font Info:    Redeclaring math symbol \Delta on input line 12.
LaTeX Font Info:    Redeclaring math symbol \Theta on input line 12.
LaTeX Font Info:    Redeclaring math symbol \Lambda on input line 12.
LaTeX Font Info:    Redeclaring math symbol \Xi on input line 12.
LaTeX Font Info:    Redeclaring math symbol \Pi on input line 12.
LaTeX Font Info:    Redeclaring math symbol \Sigma on input line 12.
LaTeX Font Info:    Redeclaring math symbol \Upsilon on input line 12.
LaTeX Font Info:    Redeclaring math symbol \Phi on input line 12.
LaTeX Font Info:    Redeclaring math symbol \Psi on input line 12.
LaTeX Font Info:    Redeclaring math symbol \Omega on input line 12.
LaTeX Font Info:    Redeclaring math symbol \mathdollar on input line 12.
LaTeX Font Info:    Redeclaring symbol font `operators' on input line 12.
LaTeX Font Info:    Encoding `OT1' has changed to `TU' for symbol font
(Font)              `operators' in the math version `normal' on input line 12.
LaTeX Font Info:    Overwriting symbol font `operators' in version `normal'
(Font)                  OT1/cmr/m/n --> TU/lmr/m/n on input line 12.
LaTeX Font Info:    Encoding `OT1' has changed to `TU' for symbol font
(Font)              `operators' in the math version `bold' on input line 12.
LaTeX Font Info:    Overwriting symbol font `operators' in version `bold'
(Font)                  OT1/cmr/bx/n --> TU/lmr/m/n on input line 12.
LaTeX Font Info:    Overwriting symbol font `operators' in version `normal'
(Font)                  TU/lmr/m/n --> TU/lmr/m/n on input line 12.
LaTeX Font Info:    Overwriting math alphabet `\mathit' in version `normal'
(Font)                  OT1/cmr/m/it --> TU/lmr/m/it on input line 12.
LaTeX Font Info:    Overwriting math alphabet `\mathbf' in version `normal'
(Font)                  OT1/cmr/bx/n --> TU/lmr/b/n on input line 12.
LaTeX Font Info:    Overwriting math alphabet `\mathsf' in version `normal'
(Font)                  OT1/cmss/m/n --> TU/lmss/m/n on input line 12.
LaTeX Font Info:    Overwriting math alphabet `\mathtt' in version `normal'
(Font)                  OT1/cmtt/m/n --> TU/lmtt/m/n on input line 12.
LaTeX Font Info:    Overwriting symbol font `operators' in version `bold'
(Font)                  TU/lmr/m/n --> TU/lmr/b/n on input line 12.
LaTeX Font Info:    Overwriting math alphabet `\mathit' in version `bold'
(Font)                  OT1/cmr/bx/it --> TU/lmr/b/it on input line 12.
LaTeX Font Info:    Overwriting math alphabet `\mathsf' in version `bold'
(Font)                  OT1/cmss/bx/n --> TU/lmss/b/n on input line 12.
LaTeX Font Info:    Overwriting math alphabet `\mathtt' in version `bold'
(Font)                  OT1/cmtt/m/n --> TU/lmtt/b/n on input line 12.

*geometry* driver: auto-detecting
*geometry* detected driver: xetex
*geometry* verbose mode - [ preamble ] result:
* driver: xetex
* paper: <default>
* layout: <same size as paper>
* layoutoffset:(h,v)=(0.0pt,0.0pt)
* modes: 
* h-part:(L,W,R)=(71.13188pt, 472.03123pt, 71.13188pt)
* v-part:(T,H,B)=(56.9055pt, 681.15898pt, 56.9055pt)
* \paperwidth=614.295pt
* \paperheight=794.96999pt
* \textwidth=472.03123pt
* \textheight=681.15898pt
* \oddsidemargin=-1.1381pt
* \evensidemargin=-1.1381pt
* \topmargin=-52.36449pt
* \headheight=12.0pt
* \headsep=25.0pt
* \topskip=10.0pt
* \footskip=30.0pt
* \marginparwidth=65.0pt
* \marginparsep=11.0pt
* \columnsep=10.0pt
* \skip\footins=9.0pt plus 4.0pt minus 2.0pt
* \hoffset=0.0pt
* \voffset=0.0pt
* \mag=1000
* \@twocolumnfalse
* \@twosidefalse
* \@mparswitchfalse
* \@reversemarginfalse
* (1in=72.27pt=25.4mm, 1cm=28.453pt)

LaTeX Font Info:    External font `cmex10' loaded for size
(Font)              <12.045> on input line 13.
LaTeX Font Info:    External font `cmex10' loaded for size
(Font)              <8> on input line 13.
LaTeX Font Info:    External font `cmex10' loaded for size
(Font)              <6> on input line 13.
(./novel.toc

[1

]

LaTeX Font Info:    Font shape `TU/SimSun(0)/m/sl' in size <10.53937> not avail
able
(Font)              Font shape `TU/SimSun(0)/m/it' tried instead on input line 
45.
[2]

[3]

[4]

[5]

[6]

[7]

[8]

[9]

[10]

[11]

[12]

[13]

[14])
\tf@toc=\write3
\openout3 = `novel.toc'.



[15]

[16]

[17]

[18]

[19]

[20]

[21]

[22]

[23]

[24]

[25]

[26]
Missing character: There is no ⊙ (U+2299) in font [lmroman10-regular]:mapping=t
ex-text;!
Missing character: There is no ⊙ (U+2299) in font [lmroman10-regular]:mapping=t
ex-text;!


[27]

[28]

[29]

[30]

[31]

[32]

[33]

[34]

[35]

[36]

[37]

[38]
Missing character: There is no ╮ (U+256E) in font [lmroman10-regular]:mapping=t
ex-text;!
Missing character: There is no ╯ (U+256F) in font [lmroman10-regular]:mapping=t
ex-text;!
Missing character: There is no ▽ (U+25BD) in font [lmroman10-regular]:mapping=t
ex-text;!
Missing character: There is no ╰ (U+2570) in font [lmroman10-regular]:mapping=t
ex-text;!
Missing character: There is no ╭ (U+256D) in font [lmroman10-regular]:mapping=t
ex-text;!


[39]

[40]

[41]

[42]

[43]

[44]
Missing character: There is no ⊙ (U+2299) in font [lmroman10-regular]:mapping=t
ex-text;!
Missing character: There is no ⊙ (U+2299) in font [lmroman10-regular]:mapping=t
ex-text;!


[45]

[46]

[47]

[48]

[49]

[50]

[51]

[52]

[53]

[54]

[55]

[56]

[57]

[58]

[59]

[60]

[61]

[62]

[63]
Missing character: There is no ⊙ (U+2299) in font [lmroman10-regular]:mapping=t
ex-text;!
Missing character: There is no ▽ (U+25BD) in font [lmroman10-regular]:mapping=t
ex-text;!
Missing character: There is no ⊙ (U+2299) in font [lmroman10-regular]:mapping=t
ex-text;!
Missing character: There is no ⊙ (U+2299) in font [lmroman10-regular]:mapping=t
ex-text;!
Missing character: There is no ⊙ (U+2299) in font [lmroman10-regular]:mapping=t
ex-text;!


[64]

[65]

[66]

[67]

[68]

[69]

[70]

[71]

[72]

[73]

[74]

[75]

[76]

[77]

[78]

[79]

[80]

[81]

[82]

[83]

[84]

[85]

[86]

[87]

[88]

[89]

[90]

[91]

[92]

[93]

[94]

[95]

[96]

[97]

[98]

[99]

[100]

[101]

[102]

[103]

[104]

[105]

[106]

[107]

[108]

[109]

[110]

[111]

[112]

[113]

[114]

[115]

[116]

[117]

[118]

[119]

[120]

[121]

[122]

[123]

[124]

[125]

[126]

[127]

[128]

[129]

[130]

[131]

[132]

[133]

[134]

[135]

[136]

[137]

[138]

[139]

[140]

[141]

[142]

[143]

[144]
Missing character: There is no ⊙ (U+2299) in font [lmroman10-regular]:mapping=t
ex-text;!
Missing character: There is no ⊙ (U+2299) in font [lmroman10-regular]:mapping=t
ex-text;!
Missing character: There is no ⊙ (U+2299) in font [lmroman10-regular]:mapping=t
ex-text;!


[145]

[146]

[147]

[148]

[149]

[150]

[151]

[152]

[153]

[154]

[155]
Missing character: There is no ⊙ (U+2299) in font [lmroman10-regular]:mapping=t
ex-text;!


[156]

[157]

[158]

[159]

[160]

[161]

[162]

[163]

[164]

[165]

[166]

[167]

[168]

[169]

[170]

[171]

[172]

[173]

[174]

[175]

[176]

[177]

[178]

[179]

[180]

[181]

[182]

[183]

[184]

[185]

[186]
Missing character: There is no ⊙ (U+2299) in font [lmroman10-regular]:mapping=t
ex-text;!


[187]

[188]

[189]

[190]

[191]

[192]

[193]

[194]

[195]

[196]

[197]

[198]

[199]

[200]

[201]

[202]

[203]

[204]

[205]

[206]

[207]

[208]

[209]

[210]

[211]

[212]

[213]

[214]

[215]

[216]

[217]

[218]

[219]

[220]

[221]

[222]

[223]

[224]

[225]

[226]

[227]

[228]

[229]

[230]

[231]

[232]

[233]
Missing character: There is no ⊙ (U+2299) in font [lmroman10-regular]:mapping=t
ex-text;!


[234]

[235]

[236]

[237]

[238]

[239]

[240]

[241]

[242]

[243]

[244]

[245]
Missing character: There is no ⊙ (U+2299) in font [lmroman10-regular]:mapping=t
ex-text;!
Missing character: There is no ⊙ (U+2299) in font [lmroman10-regular]:mapping=t
ex-text;!
Missing character: There is no ⊙ (U+2299) in font [lmroman10-regular]:mapping=t
ex-text;!
Missing character: There is no ⊙ (U+2299) in font [lmroman10-regular]:mapping=t
ex-text;!


[246]

[247]

[248]

[249]

[250]

[251]

[252]

[253]

[254]

[255]

[256]
Missing character: There is no ⊙ (U+2299) in font [lmroman10-regular]:mapping=t
ex-text;!


[257]

[258]

[259]

[260]

[261]

[262]

[263]

[264]

[265]
Missing character: There is no ⊙ (U+2299) in font [lmroman10-regular]:mapping=t
ex-text;!
Missing character: There is no ≧ (U+2267) in font [lmroman10-regular]:mapping=t
ex-text;!
Missing character: There is no ▽ (U+25BD) in font [lmroman10-regular]:mapping=t
ex-text;!
Missing character: There is no ≦ (U+2266) in font [lmroman10-regular]:mapping=t
ex-text;!
Missing character: There is no ⊙ (U+2299) in font [lmroman10-regular]:mapping=t
ex-text;!


[266]

[267]

[268]

[269]

[270]
Missing character: There is no ⊙ (U+2299) in font [lmroman10-regular]:mapping=t
ex-text;!
Missing character: There is no ⊙ (U+2299) in font [lmroman10-regular]:mapping=t
ex-text;!
Missing character: There is no ▽ (U+25BD) in font [lmroman10-regular]:mapping=t
ex-text;!
Missing character: There is no ⊙ (U+2299) in font [lmroman10-regular]:mapping=t
ex-text;!


[271]

[272]

[273]

[274]

[275]

[276]

[277]

[278]

[279]

[280]

[281]

[282]

[283]

[284]

[285]

[286]

[287]

[288]

[289]

[290]

[291]
Missing character: There is no ⊙ (U+2299) in font [lmroman10-regular]:mapping=t
ex-text;!


[292]

[293]

[294]

[295]
Missing character: There is no ⊙ (U+2299) in font [lmroman10-regular]:mapping=t
ex-text;!


[296]

[297]

[298]

[299]

[300]

[301]

[302]

[303]

[304]

[305]

[306]

[307]

[308]

[309]

[310]

[311]

[312]

[313]

[314]

[315]

[316]

[317]

[318]

[319]
Missing character: There is no ⊙ (U+2299) in font [lmroman10-regular]:mapping=t
ex-text;!


[320]

[321]

[322]

[323]

[324]

[325]

[326]

[327]

[328]

[329]

[330]

[331]

[332]

[333]

[334]

[335]

[336]

[337]

[338]
Missing character: There is no ⊙ (U+2299) in font [lmroman10-regular]:mapping=t
ex-text;!


[339]

[340]

[341]

[342]

[343]

[344]

[345]

[346]

[347]

[348]

[349]

[350]

[351]

[352]

[353]

[354]

[355]

[356]

[357]

[358]

[359]

[360]

[361]

[362]

[363]

[364]
Missing character: There is no ⊙ (U+2299) in font [lmroman10-regular]:mapping=t
ex-text;!
Missing character: There is no ⊙ (U+2299) in font [lmroman10-regular]:mapping=t
ex-text;!


[365]

[366]

[367]

[368]

[369]

[370]

[371]

[372]

[373]

[374]

[375]

[376]
Missing character: There is no ⊙ (U+2299) in font [lmroman10-regular]:mapping=t
ex-text;!


[377]

[378]

[379]

[380]

[381]

[382]

[383]

[384]

[385]

[386]

[387]

[388]

[389]

[390]

[391]

[392]

[393]

[394]

[395]

[396]

[397]

[398]

[399]

[400]

[401]

[402]

[403]

[404]

[405]

[406]

[407]

[408]

[409]

[410]

[411]

[412]

[413]

[414]

[415]
Missing character: There is no ⊙ (U+2299) in font [lmroman10-regular]:mapping=t
ex-text;!


[416]

[417]

[418]

[419]

[420]

[421]

[422]

[423]

[424]

[425]

[426]
Missing character: There is no ⊙ (U+2299) in font [lmroman10-regular]:mapping=t
ex-text;!


[427]

[428]

[429]

[430]

[431]

[432]

[433]

[434]

[435]

[436]

[437]

[438]

[439]

[440]

[441]

[442]

[443]

[444]

[445]

[446]

[447]

[448]

[449]

[450]

[451]

[452]
Missing character: There is no ⊙ (U+2299) in font [lmroman10-regular]:mapping=t
ex-text;!
Missing character: There is no ⊙ (U+2299) in font [lmroman10-regular]:mapping=t
ex-text;!
Missing character: There is no ⊙ (U+2299) in font [lmroman10-regular]:mapping=t
ex-text;!


[453]

[454]

[455]

[456]

[457]
Missing character: There is no ⊙ (U+2299) in font [lmroman10-regular]:mapping=t
ex-text;!
Missing character: There is no ⊙ (U+2299) in font [lmroman10-regular]:mapping=t
ex-text;!


[458]

[459]

[460]

[461]

[462]

[463]
Missing character: There is no ⊙ (U+2299) in font [lmroman10-regular]:mapping=t
ex-text;!
Missing character: There is no ⊙ (U+2299) in font [lmroman10-regular]:mapping=t
ex-text;!
Missing character: There is no ⊙ (U+2299) in font [lmroman10-regular]:mapping=t
ex-text;!
Missing character: There is no ⊙ (U+2299) in font [lmroman10-regular]:mapping=t
ex-text;!


[464]

[465]

[466]

[467]

[468]

[469]

[470]

[471]

[472]

[473]

[474]

[475]

[476]

[477]

[478]

[479]

[480]

[481]

[482]

[483]

[484]

[485]

[486]

[487]

[488]

[489]
Missing character: There is no ⊙ (U+2299) in font [lmroman10-regular]:mapping=t
ex-text;!


[490]

[491]

[492]

[493]

[494]

[495]
Missing character: There is no ⊙ (U+2299) in font [lmroman10-regular]:mapping=t
ex-text;!
Missing character: There is no ⊙ (U+2299) in font [lmroman10-regular]:mapping=t
ex-text;!
Missing character: There is no ⊙ (U+2299) in font [lmroman10-regular]:mapping=t
ex-text;!
Missing character: There is no ⊙ (U+2299) in font [lmroman10-regular]:mapping=t
ex-text;!
Missing character: There is no ⊙ (U+2299) in font [lmroman10-regular]:mapping=t
ex-text;!


[496]

[497]

[498]

[499]

[500]

[501]

[502]

[503]

[504]

[505]

[506]

[507]

[508]

[509]

[510]

[511]

[512]

[513]

[514]

[515]

[516]

[517]

[518]

[519]

[520]

[521]

[522]

[523]

[524]
Missing character: There is no ⊙ (U+2299) in font [lmroman10-regular]:mapping=t
ex-text;!


[525]

[526]

[527]

[528]
Missing character: There is no ⊙ (U+2299) in font [lmroman10-regular]:mapping=t
ex-text;!
Missing character: There is no ⊙ (U+2299) in font [lmroman10-regular]:mapping=t
ex-text;!


[529]

[530]

[531]

[532]

[533]

[534]

[535]

[536]

[537]

[538]

[539]

[540]

[541]

[542]

[543]

[544]

[545]

[546]

[547]

[548]

[549]

[550]

[551]

[552]

[553]

[554]

[555]
Missing character: There is no ⊙ (U+2299) in font [lmroman10-regular]:mapping=t
ex-text;!


[556]

[557]

[558]

[559]

[560]

[561]

[562]
Missing character: There is no ⊙ (U+2299) in font [lmroman10-regular]:mapping=t
ex-text;!


[563]

[564]

[565]

[566]

[567]

[568]

[569]

[570]

[571]

[572]

[573]
Missing character: There is no ⊙ (U+2299) in font [lmroman10-regular]:mapping=t
ex-text;!


[574]

[575]

[576]

[577]

[578]

[579]

[580]

[581]

[582]

[583]

[584]

[585]

[586]

[587]

[588]

[589]

[590]

[591]

[592]

[593]

[594]

[595]

[596]

[597]

[598]

[599]

[600]

[601]

[602]

[603]

[604]

[605]

[606]

[607]

[608]

[609]

[610]

[611]

[612]

[613]

[614]

[615]

[616]

[617]

[618]

[619]

[620]

[621]

[622]

[623]

[624]

[625]

[626]

[627]

[628]

[629]

[630]

[631]

[632]

[633]

[634]

[635]

[636]

[637]

[638]

[639]

[640]

[641]
Missing character: There is no ⊙ (U+2299) in font [lmroman10-regular]:mapping=t
ex-text;!
Missing character: There is no ⊙ (U+2299) in font [lmroman10-regular]:mapping=t
ex-text;!


[642]

[643]

[644]

[645]

[646]

[647]

[648]

[649]

[650]
Missing character: There is no ⊙ (U+2299) in font [lmroman10-regular]:mapping=t
ex-text;!
Missing character: There is no ⊙ (U+2299) in font [lmroman10-regular]:mapping=t
ex-text;!


[651]

[652]

[653]

[654]

[655]

[656]

[657]

[658]

[659]

[660]

[661]

[662]

[663]

[664]

[665]

[666]

[667]

[668]

[669]

[670]

[671]

[672]

[673]

[674]
Missing character: There is no ⊙ (U+2299) in font [lmroman10-regular]:mapping=t
ex-text;!
Missing character: There is no ⊙ (U+2299) in font [lmroman10-regular]:mapping=t
ex-text;!
Missing character: There is no ⊙ (U+2299) in font [lmroman10-regular]:mapping=t
ex-text;!
Missing character: There is no ⊙ (U+2299) in font [lmroman10-regular]:mapping=t
ex-text;!


[675]

[676]

[677]

[678]

[679]

[680]

[681]

[682]
Missing character: There is no ⊙ (U+2299) in font [lmroman10-regular]:mapping=t
ex-text;!


[683]

[684]

[685]

[686]

[687]

[688]
Missing character: There is no ⊙ (U+2299) in font [lmroman10-regular]:mapping=t
ex-text;!
Missing character: There is no ⊙ (U+2299) in font [lmroman10-regular]:mapping=t
ex-text;!


[689]

[690]

[691]

[692]

[693]

[694]

[695]

[696]

[697]

[698]

[699]

[700]

[701]

[702]

[703]

[704]

[705]

[706]

[707]

[708]

[709]

[710]

[711]

[712]

[713]

[714]

[715]

[716]

[717]

[718]

[719]

[720]

[721]

[722]

[723]

[724]

[725]

[726]

[727]

[728]
Missing character: There is no ⊙ (U+2299) in font [lmroman10-regular]:mapping=t
ex-text;!
Missing character: There is no ⊙ (U+2299) in font [lmroman10-regular]:mapping=t
ex-text;!


[729]

[730]

[731]

[732]

[733]

[734]

[735]

[736]

[737]

[738]

[739]

[740]

[741]

[742]

[743]

[744]

[745]

[746]

[747]

[748]

[749]

[750]

[751]

[752]

[753]

[754]

[755]

[756]

[757]

[758]

[759]

[760]

[761]

[762]

[763]

[764]

[765]

[766]

[767]

[768]

[769]

[770]

[771]

[772]

[773]

[774]

[775]

[776]

[777]

[778]

[779]

[780]

[781]

[782]

[783]

[784]

[785]

[786]

[787]

[788]

[789]
Missing character: There is no ⊙ (U+2299) in font [lmroman10-regular]:mapping=t
ex-text;!


[790]
Missing character: There is no ⊙ (U+2299) in font [lmroman10-regular]:mapping=t
ex-text;!


[791]

[792]

[793]

[794]

[795]
Missing character: There is no ⊙ (U+2299) in font [lmroman10-regular]:mapping=t
ex-text;!


[796]

[797]

[798]

[799]

[800]

[801]

[802]
Missing character: There is no ⊙ (U+2299) in font [lmroman10-regular]:mapping=t
ex-text;!
Missing character: There is no ⊙ (U+2299) in font [lmroman10-regular]:mapping=t
ex-text;!
Missing character: There is no ⊙ (U+2299) in font [lmroman10-regular]:mapping=t
ex-text;!


[803]

[804]

[805]

[806]

[807]

[808]

[809]

[810]

[811]

[812]

[813]

[814]

[815]

[816]

[817]

[818]

[819]

[820]

[821]

[822]

[823]

[824]

[825]

[826]

[827]

[828]

[829]

[830]

[831]

[832]

[833]
Missing character: There is no ⊙ (U+2299) in font [lmroman10-regular]:mapping=t
ex-text;!
Missing character: There is no ⊙ (U+2299) in font [lmroman10-regular]:mapping=t
ex-text;!
Missing character: There is no ⊙ (U+2299) in font [lmroman10-regular]:mapping=t
ex-text;!
Missing character: There is no ⊙ (U+2299) in font [lmroman10-regular]:mapping=t
ex-text;!


[834]

[835]

[836]

[837]

[838]

[839]

[840]

[841]

[842]

[843]

[844]

[845]

[846]

[847]

[848]

[849]

[850]

[851]

[852]

[853]

[854]

[855]

[856]

[857]

[858]

[859]

[860]

[861]
Missing character: There is no ⊙ (U+2299) in font [lmroman10-regular]:mapping=t
ex-text;!
Missing character: There is no ⊙ (U+2299) in font [lmroman10-regular]:mapping=t
ex-text;!
Missing character: There is no ⊙ (U+2299) in font [lmroman10-regular]:mapping=t
ex-text;!
Missing character: There is no ⊙ (U+2299) in font [lmroman10-regular]:mapping=t
ex-text;!
Missing character: There is no ⊙ (U+2299) in font [lmroman10-regular]:mapping=t
ex-text;!


[862]

[863]

[864]

[865]

[866]

[867]

[868]

[869]

[870]

[871]

[872]

[873]

[874]

[875]

[876]

[877]

[878]

[879]

[880]

[881]

[882]

[883]

[884]

[885]

[886]

[887]

[888]

[889]

[890]

[891]

[892]
Missing character: There is no ⊙ (U+2299) in font [lmroman10-regular]:mapping=t
ex-text;!


[893]

[894]

[895]

[896]

[897]

[898]

[899]

[900]

[901]

[902]

[903]

[904]

[905]

[906]

[907]

[908]

[909]

[910]

[911]

[912]

[913]

[914]

[915]
Missing character: There is no ⊙ (U+2299) in font [lmroman10-regular]:mapping=t
ex-text;!
Missing character: There is no ⊙ (U+2299) in font [lmroman10-regular]:mapping=t
ex-text;!


[916]

[917]

[918]

[919]

[920]

[921]

[922]

[923]

[924]

[925]

[926]

[927]

[928]
Missing character: There is no ⊙ (U+2299) in font [lmroman10-regular]:mapping=t
ex-text;!
Missing character: There is no ⊙ (U+2299) in font [lmroman10-regular]:mapping=t
ex-text;!
Missing character: There is no ⊙ (U+2299) in font [lmroman10-regular]:mapping=t
ex-text;!
Missing character: There is no ⊙ (U+2299) in font [lmroman10-regular]:mapping=t
ex-text;!


[929]

[930]

[931]

[932]

[933]

[934]
Missing character: There is no ⊙ (U+2299) in font [lmroman10-regular]:mapping=t
ex-text;!


[935]

[936]

[937]

[938]

[939]

[940]

[941]

[942]

[943]

[944]

[945]

[946]
Missing character: There is no ⊙ (U+2299) in font [lmroman10-regular]:mapping=t
ex-text;!
Missing character: There is no ⊙ (U+2299) in font [lmroman10-regular]:mapping=t
ex-text;!
Missing character: There is no ⊙ (U+2299) in font [lmroman10-regular]:mapping=t
ex-text;!


[947]

[948]

[949]

[950]

[951]

[952]

[953]

[954]

[955]

[956]

[957]

[958]

[959]

[960]

[961]

[962]

[963]

[964]
Missing character: There is no ⊙ (U+2299) in font [lmroman10-regular]:mapping=t
ex-text;!
Missing character: There is no ⊙ (U+2299) in font [lmroman10-regular]:mapping=t
ex-text;!
Missing character: There is no ⊙ (U+2299) in font [lmroman10-regular]:mapping=t
ex-text;!


[965]

[966]

[967]

[968]

[969]

[970]

[971]

[972]

[973]

[974]

[975]

[976]

[977]

[978]

[979]

[980]
Missing character: There is no ⊙ (U+2299) in font [lmroman10-regular]:mapping=t
ex-text;!
Missing character: There is no ⊙ (U+2299) in font [lmroman10-regular]:mapping=t
ex-text;!
Missing character: There is no ⊙ (U+2299) in font [lmroman10-regular]:mapping=t
ex-text;!


[981]

[982]

[983]

[984]

[985]

[986]

[987]

[988]

[989]

[990]

[991]

[992]

[993]

[994]

[995]

[996]

[997]

[998]

[999]

[1000]

[1001]

[1002]

[1003]

[1004]

[1005]

[1006]

[1007]

[1008]

[1009]

[1010]

[1011]

[1012]

[1013]

[1014]

[1015]

[1016]

[1017]

[1018]

[1019]

[1020]

[1021]

[1022]

[1023]

[1024]

[1025]

[1026]

[1027]

[1028]

[1029]

[1030]

[1031]

[1032]

[1033]

[1034]

[1035]

[1036]

[1037]

[1038]

[1039]

[1040]

[1041]

[1042]

[1043]

[1044]

[1045]
Missing character: There is no ⊙ (U+2299) in font [lmroman10-regular]:mapping=t
ex-text;!


[1046]

[1047]

[1048]

[1049]

[1050]

[1051]

[1052]

[1053]

[1054]

[1055]

[1056]

[1057]

[1058]

[1059]

[1060]

[1061]

[1062]

[1063]

[1064]

[1065]

[1066]

[1067]
Missing character: There is no ⊙ (U+2299) in font [lmroman10-regular]:mapping=t
ex-text;!
Missing character: There is no ⊙ (U+2299) in font [lmroman10-regular]:mapping=t
ex-text;!


[1068]
Missing character: There is no ⊙ (U+2299) in font [lmroman10-regular]:mapping=t
ex-text;!


[1069]

[1070]

[1071]

[1072]

[1073]
Missing character: There is no ⊙ (U+2299) in font [lmroman10-regular]:mapping=t
ex-text;!
Missing character: There is no ⊙ (U+2299) in font [lmroman10-regular]:mapping=t
ex-text;!
Missing character: There is no ⊙ (U+2299) in font [lmroman10-regular]:mapping=t
ex-text;!
Missing character: There is no ⊙ (U+2299) in font [lmroman10-regular]:mapping=t
ex-text;!
Missing character: There is no ⊙ (U+2299) in font [lmroman10-regular]:mapping=t
ex-text;!
Missing character: There is no ⊙ (U+2299) in font [lmroman10-regular]:mapping=t
ex-text;!
Missing character: There is no ⊙ (U+2299) in font [lmroman10-regular]:mapping=t
ex-text;!
Missing character: There is no ⊙ (U+2299) in font [lmroman10-regular]:mapping=t
ex-text;!
Missing character: There is no ⊙ (U+2299) in font [lmroman10-regular]:mapping=t
ex-text;!
Missing character: There is no ⊙ (U+2299) in font [lmroman10-regular]:mapping=t
ex-text;!
Missing character: There is no ⊙ (U+2299) in font [lmroman10-regular]:mapping=t
ex-text;!
Missing character: There is no ⊙ (U+2299) in font [lmroman10-regular]:mapping=t
ex-text;!
Missing character: There is no ⊙ (U+2299) in font [lmroman10-regular]:mapping=t
ex-text;!
Missing character: There is no ⊙ (U+2299) in font [lmroman10-regular]:mapping=t
ex-text;!
Missing character: There is no ⊙ (U+2299) in font [lmroman10-regular]:mapping=t
ex-text;!
Missing character: There is no ⊙ (U+2299) in font [lmroman10-regular]:mapping=t
ex-text;!
Missing character: There is no ⊙ (U+2299) in font [lmroman10-regular]:mapping=t
ex-text;!
Missing character: There is no ⊙ (U+2299) in font [lmroman10-regular]:mapping=t
ex-text;!
Missing character: There is no ⊙ (U+2299) in font [lmroman10-regular]:mapping=t
ex-text;!


[1074]

[1075]

[1076]

[1077]

[1078]

[1079]

[1080]

[1081]

[1082]

[1083]

[1084]

[1085]

[1086]
Missing character: There is no ⊙ (U+2299) in font [lmroman10-regular]:mapping=t
ex-text;!


[1087]

[1088]

[1089]

[1090]

[1091]

[1092]

[1093]

[1094]

[1095]

[1096]

[1097]

[1098]

[1099]

[1100]

[1101]

[1102]

[1103]

[1104]

[1105]

[1106]

[1107]

[1108]

[1109]

[1110]

[1111]

[1112]

[1113]

[1114]

[1115]

[1116]

[1117]

[1118]

[1119]

[1120]

[1121]

[1122]
Missing character: There is no ⊙ (U+2299) in font [lmroman10-regular]:mapping=t
ex-text;!


[1123]

[1124]

[1125]

[1126]

[1127]

[1128]

[1129]

[1130]

[1131]

[1132]

[1133]
Missing character: There is no ⊙ (U+2299) in font [lmroman10-regular]:mapping=t
ex-text;!


[1134]

[1135]

[1136]

[1137]

[1138]

[1139]

[1140]

[1141]

[1142]
Missing character: There is no ⊙ (U+2299) in font [lmroman10-regular]:mapping=t
ex-text;!


[1143]

[1144]

[1145]

[1146]

[1147]

[1148]

[1149]

[1150]

[1151]

[1152]

[1153]

[1154]

[1155]

[1156]

[1157]

[1158]

[1159]

[1160]

[1161]

[1162]

[1163]

[1164]

[1165]

[1166]

[1167]

[1168]
Missing character: There is no ⊙ (U+2299) in font [lmroman10-regular]:mapping=t
ex-text;!
Missing character: There is no ⊙ (U+2299) in font [lmroman10-regular]:mapping=t
ex-text;!
Missing character: There is no ⊙ (U+2299) in font [lmroman10-regular]:mapping=t
ex-text;!


[1169]

[1170]

[1171]

[1172]

[1173]

[1174]
Missing character: There is no ⊙ (U+2299) in font [lmroman10-regular]:mapping=t
ex-text;!
Missing character: There is no ⊙ (U+2299) in font [lmroman10-regular]:mapping=t
ex-text;!


[1175]

[1176]

[1177]

[1178]

[1179]

[1180]

[1181]

[1182]

[1183]

[1184]

[1185]

[1186]

[1187]

[1188]

[1189]

[1190]

[1191]

[1192]

[1193]

[1194]

[1195]

[1196]

[1197]

[1198]

[1199]

[1200]

[1201]

[1202]

[1203]

[1204]

[1205]

[1206]

[1207]

[1208]

[1209]

[1210]

[1211]

[1212]

[1213]

[1214]

[1215]

[1216]

[1217]

[1218]

[1219]

[1220]

[1221]

[1222]

[1223]

[1224]

[1225]

[1226]

[1227]

[1228]

[1229]

[1230]

[1231]

[1232]

[1233]

[1234]

[1235]

[1236]

[1237]

[1238]

[1239]
Missing character: There is no ⊙ (U+2299) in font [lmroman10-regular]:mapping=t
ex-text;!


[1240]

[1241]

[1242]

[1243]

[1244]

[1245]

[1246]
Missing character: There is no ⊙ (U+2299) in font [lmroman10-regular]:mapping=t
ex-text;!


[1247]

[1248]

[1249]

[1250]

[1251]
Missing character: There is no ⊙ (U+2299) in font [lmroman10-regular]:mapping=t
ex-text;!


[1252]

[1253]

[1254]

[1255]

[1256]

[1257]

[1258]

[1259]

[1260]

[1261]

[1262]

[1263]

[1264]

[1265]

[1266]

[1267]

[1268]

[1269]

[1270]

[1271]

[1272]

[1273]

[1274]

[1275]

[1276]

[1277]

[1278]
Missing character: There is no ⊙ (U+2299) in font [lmroman10-regular]:mapping=t
ex-text;!


[1279]

[1280]

[1281]

[1282]

[1283]

[1284]

[1285]

[1286]

[1287]

[1288]

[1289]

[1290]

[1291]

[1292]

[1293]

[1294]

[1295]

[1296]

[1297]

[1298]

[1299]

[1300]

[1301]

[1302]

[1303]

[1304]

[1305]

[1306]

[1307]

[1308]

[1309]

[1310]

[1311]

[1312]

[1313]

[1314]

[1315]

[1316]

[1317]

[1318]

[1319]

[1320]

[1321]

[1322]

[1323]

[1324]

[1325]
Missing character: There is no □ (U+25A1) in font [lmroman10-regular]:mapping=t
ex-text;!
Missing character: There is no □ (U+25A1) in font [lmroman10-regular]:mapping=t
ex-text;!


[1326]

[1327]

[1328]

[1329]

[1330]

[1331]

[1332]

[1333]

[1334]

[1335]

[1336]

[1337]

[1338]

[1339]

[1340]

[1341]

[1342]

[1343]

[1344]

[1345]

[1346]

[1347]

[1348]

[1349]

[1350]
Missing character: There is no □ (U+25A1) in font [lmroman10-regular]:mapping=t
ex-text;!
Missing character: There is no □ (U+25A1) in font [lmroman10-regular]:mapping=t
ex-text;!


[1351]

[1352]

[1353]

[1354]

[1355]

[1356]

[1357]

[1358]

[1359]

[1360]

[1361]

[1362]

[1363]

[1364]

[1365]

[1366]

[1367]

[1368]

[1369]

[1370]

[1371]

[1372]

[1373]

[1374]

[1375]

[1376]

[1377]

[1378]

[1379]

[1380]

[1381]

[1382]

[1383]

[1384]

[1385]

[1386]

[1387]

[1388]

[1389]

[1390]

[1391]

[1392]

[1393]

[1394]

[1395]

[1396]

[1397]

[1398]

[1399]

[1400]

[1401]

[1402]

[1403]

[1404]

[1405]

[1406]

[1407]

[1408]

[1409]

[1410]

[1411]

[1412]

[1413]

[1414]

[1415]

[1416]

[1417]

[1418]

[1419]

[1420]

[1421]

[1422]

[1423]

[1424]

[1425]

[1426]

[1427]

[1428]

[1429]

[1430]

[1431]

[1432]

[1433]

[1434]

[1435]

[1436]

[1437]

[1438]

[1439]

[1440]

[1441]

[1442]

[1443]

[1444]

[1445]

[1446]

[1447]

[1448]

[1449]

[1450]

[1451]

[1452]

[1453]

[1454]

[1455]

[1456]

[1457]

[1458]

[1459]

[1460]

[1461]

[1462]

[1463]

[1464]

[1465]

[1466]

[1467]

[1468]

[1469]

[1470]

[1471]

[1472]

[1473]

[1474]

[1475]

[1476]

[1477]

[1478]

[1479]

[1480]

[1481]

[1482]

[1483]

[1484]

[1485]

[1486]

[1487]

[1488]

[1489]

[1490]

[1491]

[1492]

[1493]

[1494]

[1495]

[1496]

[1497]

[1498]

[1499]

[1500]

[1501]

[1502]

[1503]

[1504]

[1505]

[1506]

[1507]

[1508]

[1509]

[1510]

[1511]

[1512]

[1513]

[1514]

[1515]

[1516]

[1517]

[1518]

[1519]

[1520]

[1521]

[1522]

[1523]

[1524]

[1525]

[1526]

[1527]

[1528]

[1529]

[1530]

[1531]

[1532]

[1533]

[1534]

[1535]

[1536]

[1537]

[1538]

[1539]

[1540]

[1541]

[1542]

[1543]

[1544]

[1545]

[1546]

[1547]

[1548]

[1549]

[1550]

[1551]

[1552]

[1553]

[1554]

[1555]

[1556]

[1557]

[1558]

[1559]

[1560]

[1561]

[1562]

[1563]

[1564]

[1565]

[1566]

[1567]

[1568]

[1569]

[1570]

[1571]

[1572]

[1573]

[1574]

[1575]

[1576]

[1577]

[1578]

[1579]

[1580]

[1581]

[1582]

[1583]

[1584]

[1585]

[1586]

[1587]

[1588]

[1589]

[1590]

[1591]

[1592]

[1593]

[1594]

[1595]

[1596]

[1597]

[1598]

[1599]

[1600]

[1601]

[1602]

[1603]

[1604]

[1605]

[1606]

[1607]

[1608]

[1609]

[1610]

[1611]

[1612]

[1613]

[1614]

[1615]

[1616]

[1617]

[1618]

[1619]

[1620]

[1621]

[1622]

[1623]

[1624]

[1625]

[1626]

[1627]

[1628]

[1629]

[1630]

[1631]

[1632]

[1633]

[1634]

[1635]

[1636]

[1637]

[1638]

[1639]

[1640]

[1641]

[1642]

[1643]

[1644]

[1645]

[1646]

[1647]

[1648]

[1649]

[1650]

[1651]

[1652]

[1653]

[1654]

[1655]

[1656]

[1657]

[1658]

[1659]

[1660]

[1661]

[1662]

[1663]

[1664]

[1665]

[1666]

[1667]

[1668]

[1669]

[1670]

[1671]

[1672]

[1673]

[1674]

[1675]

[1676]

[1677]

[1678]

[1679]

[1680]

[1681]

[1682]

[1683]

[1684]

[1685]

[1686]

[1687]

[1688]

[1689]

[1690]

[1691]

[1692]

[1693]

[1694]

[1695]

[1696]

[1697]

[1698]

[1699]

[1700]

[1701]

[1702]

[1703]

[1704]

[1705]

[1706]

[1707]

[1708]

[1709]

[1710]

[1711]

[1712]

[1713]

[1714]
Missing character: There is no □ (U+25A1) in font [lmroman10-regular]:mapping=t
ex-text;!
Missing character: There is no □ (U+25A1) in font [lmroman10-regular]:mapping=t
ex-text;!


[1715]

[1716]

[1717]

[1718]

[1719]

[1720]

[1721]

[1722]

[1723]

[1724]

[1725]

[1726]

[1727]

[1728]

[1729]

[1730]

[1731]

[1732]

[1733]

[1734]

[1735]

[1736]

[1737]

[1738]

[1739]

[1740]

[1741]

[1742]

[1743]

[1744]

[1745]

[1746]

[1747]

[1748]

[1749]

[1750]

[1751]

[1752]

[1753]

[1754]

[1755]

[1756]

[1757]

[1758]

[1759]

[1760]

[1761]

[1762]

[1763]

[1764]

[1765]

[1766]

[1767]

[1768]

[1769]

[1770]

[1771]

[1772]

[1773]

[1774]

[1775]

[1776]

[1777]

[1778]

[1779]

[1780]

[1781]

[1782]

[1783]

[1784]

[1785]

[1786]

[1787]

[1788]

[1789]

[1790]

[1791]

[1792]
Missing character: There is no ⊙ (U+2299) in font [lmroman10-regular]:mapping=t
ex-text;!


[1793]

[1794]

[1795]

[1796]

[1797]

[1798]

[1799]

[1800]

[1801]

[1802]

[1803]

[1804]

[1805]

[1806]

[1807]

[1808]

[1809]

[1810]

[1811]

[1812]

[1813]

[1814]

[1815]

[1816]

[1817]

[1818]

[1819]

[1820]

[1821]
Missing character: There is no ⊙ (U+2299) in font [lmroman10-regular]:mapping=t
ex-text;!
Missing character: There is no ⊙ (U+2299) in font [lmroman10-regular]:mapping=t
ex-text;!
Missing character: There is no ⊙ (U+2299) in font [lmroman10-regular]:mapping=t
ex-text;!


[1822]

[1823]

[1824]

[1825]

[1826]

[1827]

[1828]

[1829]

[1830]

[1831]

[1832]

[1833]

[1834]

[1835]

[1836]

[1837]

[1838]

[1839]

[1840]

[1841]

[1842]

[1843]

[1844]

[1845]

[1846]

[1847]

[1848]

[1849]

[1850]

[1851]

[1852]

[1853]

[1854]
Missing character: There is no ⊙ (U+2299) in font [lmroman10-regular]:mapping=t
ex-text;!
Missing character: There is no ⊙ (U+2299) in font [lmroman10-regular]:mapping=t
ex-text;!
Missing character: There is no ⊙ (U+2299) in font [lmroman10-regular]:mapping=t
ex-text;!


[1855]

[1856]
Missing character: There is no ⊙ (U+2299) in font [lmroman10-regular]:mapping=t
ex-text;!


[1857]
Missing character: There is no ⊙ (U+2299) in font [lmroman10-regular]:mapping=t
ex-text;!
Missing character: There is no ⊙ (U+2299) in font [lmroman10-regular]:mapping=t
ex-text;!


[1858]

[1859]
Missing character: There is no ⊙ (U+2299) in font [lmroman10-regular]:mapping=t
ex-text;!
Missing character: There is no ⊙ (U+2299) in font [lmroman10-regular]:mapping=t
ex-text;!
Missing character: There is no ⊙ (U+2299) in font [lmroman10-regular]:mapping=t
ex-text;!


[1860]
Missing character: There is no ⊙ (U+2299) in font [lmroman10-regular]:mapping=t
ex-text;!
Missing character: There is no ⊙ (U+2299) in font [lmroman10-regular]:mapping=t
ex-text;!
Missing character: There is no ⊙ (U+2299) in font [lmroman10-regular]:mapping=t
ex-text;!
Missing character: There is no ⊙ (U+2299) in font [lmroman10-regular]:mapping=t
ex-text;!
Missing character: There is no ⊙ (U+2299) in font [lmroman10-regular]:mapping=t
ex-text;!
Missing character: There is no ⊙ (U+2299) in font [lmroman10-regular]:mapping=t
ex-text;!


[1861]

[1862]

[1863]

[1864]

[1865]

[1866]
Missing character: There is no ⊙ (U+2299) in font [lmroman10-regular]:mapping=t
ex-text;!


[1867]

[1868]
Missing character: There is no ⊙ (U+2299) in font [lmroman10-regular]:mapping=t
ex-text;!
Missing character: There is no ⊙ (U+2299) in font [lmroman10-regular]:mapping=t
ex-text;!
Missing character: There is no ⊙ (U+2299) in font [lmroman10-regular]:mapping=t
ex-text;!
Missing character: There is no ⊙ (U+2299) in font [lmroman10-regular]:mapping=t
ex-text;!
Missing character: There is no ⊙ (U+2299) in font [lmroman10-regular]:mapping=t
ex-text;!
Missing character: There is no ⊙ (U+2299) in font [lmroman10-regular]:mapping=t
ex-text;!


[1869]
Missing character: There is no ⊙ (U+2299) in font [lmroman10-regular]:mapping=t
ex-text;!
Missing character: There is no ⊙ (U+2299) in font [lmroman10-regular]:mapping=t
ex-text;!
Missing character: There is no ⊙ (U+2299) in font [lmroman10-regular]:mapping=t
ex-text;!
Missing character: There is no ⊙ (U+2299) in font [lmroman10-regular]:mapping=t
ex-text;!


[1870]

[1871]
Missing character: There is no ⊙ (U+2299) in font [lmroman10-regular]:mapping=t
ex-text;!
Missing character: There is no ⊙ (U+2299) in font [lmroman10-regular]:mapping=t
ex-text;!
Missing character: There is no ⊙ (U+2299) in font [lmroman10-regular]:mapping=t
ex-text;!


[1872]

[1873]
Missing character: There is no ⊙ (U+2299) in font [lmroman10-regular]:mapping=t
ex-text;!


[1874]
Missing character: There is no ⊙ (U+2299) in font [lmroman10-regular]:mapping=t
ex-text;!
Missing character: There is no ⊙ (U+2299) in font [lmroman10-regular]:mapping=t
ex-text;!
Missing character: There is no ⊙ (U+2299) in font [lmroman10-regular]:mapping=t
ex-text;!


[1875]

[1876]

[1877]
Missing character: There is no ⊙ (U+2299) in font [lmroman10-regular]:mapping=t
ex-text;!
Missing character: There is no ⊙ (U+2299) in font [lmroman10-regular]:mapping=t
ex-text;!
Missing character: There is no ⊙ (U+2299) in font [lmroman10-regular]:mapping=t
ex-text;!


[1878]

[1879]

[1880]

[1881]

[1882]

[1883]

[1884]
Missing character: There is no ⊙ (U+2299) in font [lmroman10-regular]:mapping=t
ex-text;!
Missing character: There is no ⊙ (U+2299) in font [lmroman10-regular]:mapping=t
ex-text;!
Missing character: There is no ⊙ (U+2299) in font [lmroman10-regular]:mapping=t
ex-text;!
Missing character: There is no ⊙ (U+2299) in font [lmroman10-regular]:mapping=t
ex-text;!
Missing character: There is no ⊙ (U+2299) in font [lmroman10-regular]:mapping=t
ex-text;!
Missing character: There is no ⊙ (U+2299) in font [lmroman10-regular]:mapping=t
ex-text;!


[1885]

[1886]

[1887]

[1888]

[1889]

[1890]

[1891]

[1892]

[1893]

[1894]

[1895]

[1896]

[1897]

[1898]

[1899]

[1900]

[1901]
Missing character: There is no ⊙ (U+2299) in font [lmroman10-regular]:mapping=t
ex-text;!
Missing character: There is no ⊙ (U+2299) in font [lmroman10-regular]:mapping=t
ex-text;!


[1902]
Missing character: There is no ⊙ (U+2299) in font [lmroman10-regular]:mapping=t
ex-text;!
Missing character: There is no ⊙ (U+2299) in font [lmroman10-regular]:mapping=t
ex-text;!
Missing character: There is no ⊙ (U+2299) in font [lmroman10-regular]:mapping=t
ex-text;!


[1903]

[1904]

[1905]

[1906]

[1907]

[1908]

[1909]

[1910]

[1911]

[1912]

[1913]

[1914]

[1915]

[1916]

[1917]

[1918]

[1919]

[1920]

[1921]

[1922]

[1923]
Missing character: There is no ⊙ (U+2299) in font [lmroman10-regular]:mapping=t
ex-text;!
Missing character: There is no ⊙ (U+2299) in font [lmroman10-regular]:mapping=t
ex-text;!


[1924]

[1925]

[1926]

[1927]

[1928]

[1929]
Missing character: There is no ⊙ (U+2299) in font [lmroman10-regular]:mapping=t
ex-text;!


[1930]

[1931]

[1932]

[1933]

[1934]

[1935]

[1936]

[1937]

[1938]

[1939]

[1940]

[1941]

[1942]

[1943]

[1944]

[1945]

[1946]

[1947]

[1948]

[1949]

[1950]

[1951]

[1952]

[1953]

[1954]

[1955]

[1956]

[1957]

[1958]

[1959]

[1960]

[1961]

[1962]

[1963]

[1964]

[1965]

[1966]

[1967]

[1968]

[1969]

[1970]

[1971]

[1972]
Missing character: There is no ⊙ (U+2299) in font [lmroman10-regular]:mapping=t
ex-text;!


[1973]

[1974]

[1975]

[1976]

[1977]

[1978]

[1979]

[1980]

[1981]

[1982]

[1983]

[1984]

[1985]

[1986]

[1987]

[1988]

[1989]

[1990]

[1991]

[1992]

[1993]

[1994]

[1995]

[1996]

[1997]

[1998]

[1999]

[2000]

[2001]

[2002]

[2003]

[2004]

[2005]

[2006]

[2007]

[2008]

[2009]

[2010]

[2011]

[2012]

[2013]

[2014]

[2015]

[2016]

[2017]

[2018]

[2019]

[2020]

[2021]

[2022]

[2023]

[2024]

[2025]

[2026]

[2027]

[2028]

[2029]

[2030]

[2031]

[2032]

[2033]

[2034]

[2035]

[2036]

[2037]

[2038]

[2039]

[2040]

[2041]

[2042]

[2043]

[2044]

[2045]

[2046]

[2047]

[2048]

[2049]

[2050]

[2051]

[2052]

[2053]

[2054]

[2055]

[2056]

[2057]

[2058]

[2059]

[2060]

[2061]

[2062]

[2063]

[2064]

[2065]

[2066]

[2067]

[2068]

[2069]

[2070]

[2071]

[2072]

[2073]

[2074]

[2075]

[2076]

[2077]

[2078]

[2079]

[2080]

[2081]

[2082]

[2083]
Missing character: There is no ⊙ (U+2299) in font [lmroman10-regular]:mapping=t
ex-text;!
Missing character: There is no ⊙ (U+2299) in font [lmroman10-regular]:mapping=t
ex-text;!
Missing character: There is no ⊙ (U+2299) in font [lmroman10-regular]:mapping=t
ex-text;!


[2084]

[2085]

[2086]

[2087]

[2088]

[2089]

[2090]

[2091]

[2092]

[2093]

[2094]

[2095]

[2096]

[2097]

[2098]

[2099]

[2100]

[2101]

[2102]

[2103]

[2104]

[2105]

[2106]

[2107]

[2108]

[2109]

[2110]

[2111]

[2112]

[2113]

[2114]

[2115]

[2116]
Missing character: There is no ⊙ (U+2299) in font [lmroman10-regular]:mapping=t
ex-text;!


[2117]

[2118]

[2119]

[2120]

[2121]

[2122]

[2123]

[2124]

[2125]

[2126]

[2127]

[2128]

[2129]

[2130]

[2131]

[2132]

[2133]

[2134]

[2135]

[2136]

[2137]

[2138]

[2139]

[2140] (./novel.aux)
 ***********
LaTeX2e <2024-11-01> patch level 2
L3 programming layer <2022/07/14>
 ***********
 ) 
Here is how much of TeX's memory you used:
 9289 strings out of 473831
 321419 string characters out of 5730383
 660710 words of memory out of 5000000
 32274 multiletter control sequences out of 15000+600000
 563431 words of font info for 74 fonts, out of 8000000 for 9000
 1348 hyphenation exceptions out of 8191
 93i,6n,111p,541b,298s stack positions out of 10000i,1000n,20000p,200000b,200000s

Output written on novel.pdf (2140 pages).
